# JRE version: OpenJDK Runtime Environment (11.0.8+10) (build 11.0.8+10-post-Ubuntu-0ubuntu118.04.1)
# Java VM: OpenJDK 64-Bit Server VM (11.0.8+10-post-Ubuntu-0ubuntu118.04.1, mixed mode, sharing, tiered, compressed oops, g1 gc, linux-amd64)
Heap:
 garbage-first heap   total 264192K, used 152396K [0x00000000e0000000, 0x0000000100000000)
  region size 1024K, 19 young (19456K), 3 survivors (3072K)
 Metaspace       used 79226K, capacity 83320K, committed 83688K, reserved 327680K
  class space    used 10227K, capacity 11674K, committed 11852K, reserved 253952K
GC Heap History (20 events):
Event: 33,644 GC heap before
{Heap before GC invocations=18 (full 0):
 garbage-first heap   total 264192K, used 192708K [0x00000000e0000000, 0x0000000100000000)
  region size 1024K, 74 young (75776K), 10 survivors (10240K)
 Metaspace       used 71203K, capacity 74826K, committed 74984K, reserved 319488K
  class space    used 9496K, capacity 10814K, committed 10828K, reserved 253952K
}
Event: 33,757 GC heap after
{Heap after GC invocations=19 (full 0):
 garbage-first heap   total 264192K, used 133265K [0x00000000e0000000, 0x0000000100000000)
  region size 1024K, 10 young (10240K), 10 survivors (10240K)
 Metaspace       used 71203K, capacity 74826K, committed 74984K, reserved 319488K
  class space    used 9496K, capacity 10814K, committed 10828K, reserved 253952K
}
Event: 35,289 GC heap before
{Heap before GC invocations=19 (full 0):
 garbage-first heap   total 264192K, used 205969K [0x00000000e0000000, 0x0000000100000000)
  region size 1024K, 81 young (82944K), 10 survivors (10240K)
 Metaspace       used 71413K, capacity 74994K, committed 75240K, reserved 319488K
  class space    used 9516K, capacity 10823K, committed 10828K, reserved 253952K
}
Event: 35,330 GC heap after
{Heap after GC invocations=20 (full 0):
 garbage-first heap   total 264192K, used 136375K [0x00000000e0000000, 0x0000000100000000)
  region size 1024K, 9 young (9216K), 9 survivors (9216K)
 Metaspace       used 71413K, capacity 74994K, committed 75240K, reserved 319488K
  class space    used 9516K, capacity 10823K, committed 10828K, reserved 253952K
}
Event: 36,855 GC heap before
{Heap before GC invocations=21 (full 0):
 garbage-first heap   total 264192K, used 208055K [0x00000000e0000000, 0x0000000100000000)
  region size 1024K, 80 young (81920K), 9 survivors (9216K)
 Metaspace       used 71579K, capacity 75243K, committed 75368K, reserved 319488K
  class space    used 9527K, capacity 10838K, committed 10956K, reserved 253952K
}
Event: 36,914 GC heap after
{Heap after GC invocations=22 (full 0):
 garbage-first heap   total 264192K, used 139923K [0x00000000e0000000, 0x0000000100000000)
  region size 1024K, 6 young (6144K), 6 survivors (6144K)
 Metaspace       used 71579K, capacity 75243K, committed 75368K, reserved 319488K
  class space    used 9527K, capacity 10838K, committed 10956K, reserved 253952K
}
Event: 74,351 GC heap before
{Heap before GC invocations=22 (full 0):
 garbage-first heap   total 264192K, used 210579K [0x00000000e0000000, 0x0000000100000000)
  region size 1024K, 76 young (77824K), 6 survivors (6144K)
 Metaspace       used 75829K, capacity 79566K, committed 79848K, reserved 323584K
  class space    used 9902K, capacity 11229K, committed 11340K, reserved 253952K
}
Event: 74,366 GC heap after
{Heap after GC invocations=23 (full 0):
 garbage-first heap   total 264192K, used 140516K [0x00000000e0000000, 0x0000000100000000)
  region size 1024K, 6 young (6144K), 6 survivors (6144K)
 Metaspace       used 75829K, capacity 79566K, committed 79848K, reserved 323584K
  class space    used 9902K, capacity 11229K, committed 11340K, reserved 253952K
}
Event: 1022,536 GC heap before
{Heap before GC invocations=24 (full 0):
 garbage-first heap   total 264192K, used 214244K [0x00000000e0000000, 0x0000000100000000)
  region size 1024K, 78 young (79872K), 6 survivors (6144K)
 Metaspace       used 78772K, capacity 82789K, committed 83048K, reserved 325632K
  class space    used 10239K, capacity 11702K, committed 11724K, reserved 253952K
}
Event: 1022,550 GC heap after
{Heap after GC invocations=25 (full 0):
 garbage-first heap   total 264192K, used 141117K [0x00000000e0000000, 0x0000000100000000)
  region size 1024K, 4 young (4096K), 4 survivors (4096K)
 Metaspace       used 78772K, capacity 82789K, committed 83048K, reserved 325632K
  class space    used 10239K, capacity 11702K, committed 11724K, reserved 253952K
}
Event: 4172,145 GC heap before
{Heap before GC invocations=25 (full 0):
 garbage-first heap   total 264192K, used 214845K [0x00000000e0000000, 0x0000000100000000)
  region size 1024K, 77 young (78848K), 4 survivors (4096K)
 Metaspace       used 79043K, capacity 83072K, committed 83432K, reserved 325632K
  class space    used 10255K, capacity 11729K, committed 11852K, reserved 253952K
}
Event: 4172,659 GC heap after
{Heap after GC invocations=26 (full 0):
 garbage-first heap   total 264192K, used 141296K [0x00000000e0000000, 0x0000000100000000)
  region size 1024K, 4 young (4096K), 4 survivors (4096K)
 Metaspace       used 79043K, capacity 83072K, committed 83432K, reserved 325632K
  class space    used 10255K, capacity 11729K, committed 11852K, reserved 253952K
}
Event: 4527,141 GC heap before
{Heap before GC invocations=27 (full 0):
 garbage-first heap   total 264192K, used 149488K [0x00000000e0000000, 0x0000000100000000)
  region size 1024K, 12 young (12288K), 4 survivors (4096K)
 Metaspace       used 78561K, capacity 82297K, committed 83432K, reserved 325632K
  class space    used 10100K, capacity 11441K, committed 11852K, reserved 253952K
}
Event: 4527,180 GC heap after
{Heap after GC invocations=28 (full 0):
 garbage-first heap   total 264192K, used 141209K [0x00000000e0000000, 0x0000000100000000)
  region size 1024K, 1 young (1024K), 1 survivors (1024K)
 Metaspace       used 78561K, capacity 82297K, committed 83432K, reserved 325632K
  class space    used 10100K, capacity 11441K, committed 11852K, reserved 253952K
}
Event: 4783,517 GC heap before
{Heap before GC invocations=28 (full 0):
 garbage-first heap   total 264192K, used 152473K [0x00000000e0000000, 0x0000000100000000)
  region size 1024K, 12 young (12288K), 1 survivors (1024K)
 Metaspace       used 78610K, capacity 82346K, committed 83432K, reserved 325632K
  class space    used 10112K, capacity 11458K, committed 11852K, reserved 253952K
}
Event: 4783,572 GC heap after
{Heap after GC invocations=29 (full 0):
 garbage-first heap   total 264192K, used 136360K [0x00000000e0000000, 0x0000000100000000)
  region size 1024K, 2 young (2048K), 2 survivors (2048K)
 Metaspace       used 78610K, capacity 82346K, committed 83432K, reserved 325632K
  class space    used 10112K, capacity 11458K, committed 11852K, reserved 253952K
}
Event: 4787,884 GC heap before
{Heap before GC invocations=29 (full 0):
 garbage-first heap   total 264192K, used 146600K [0x00000000e0000000, 0x0000000100000000)
  region size 1024K, 12 young (12288K), 2 survivors (2048K)
 Metaspace       used 78729K, capacity 82556K, committed 83432K, reserved 325632K
  class space    used 10138K, capacity 11502K, committed 11852K, reserved 253952K
}
Event: 4787,929 GC heap after
{Heap after GC invocations=30 (full 0):
 garbage-first heap   total 264192K, used 133684K [0x00000000e0000000, 0x0000000100000000)
  region size 1024K, 2 young (2048K), 2 survivors (2048K)
 Metaspace       used 78729K, capacity 82556K, committed 83432K, reserved 325632K
  class space    used 10138K, capacity 11502K, committed 11852K, reserved 253952K
}
Event: 4792,441 GC heap before
{Heap before GC invocations=30 (full 0):
 garbage-first heap   total 264192K, used 153140K [0x00000000e0000000, 0x0000000100000000)
  region size 1024K, 21 young (21504K), 2 survivors (2048K)
 Metaspace       used 78984K, capacity 82830K, committed 83432K, reserved 325632K
  class space    used 10186K, capacity 11609K, committed 11852K, reserved 253952K
}
Event: 4792,475 GC heap after
{Heap after GC invocations=31 (full 0):
 garbage-first heap   total 264192K, used 137036K [0x00000000e0000000, 0x0000000100000000)
  region size 1024K, 3 young (3072K), 3 survivors (3072K)
 Metaspace       used 78984K, capacity 82830K, committed 83432K, reserved 325632K
  class space    used 10186K, capacity 11609K, committed 11852K, reserved 253952K
}

